<?xml version="1.0" encoding="UTF-8"?>
<!-- Generated by org.testng.reporters.JUnitReportReporter -->
<testsuite hostname="KLI6040" failures="0" tests="2" name="ecomm_Shopping.Practice_concepts" time="22.754" errors="0" timestamp="2026-06-10T13:27:45 IST" skipped="0">
  <testcase classname="ecomm_Shopping.Practice_concepts" name="testRadioButton_invalidLabel" time="13.385"/>
  <testcase classname="ecomm_Shopping.Practice_concepts" name="test_RadioButton" time="9.369"/>
</testsuite> <!-- ecomm_Shopping.Practice_concepts -->
