<?xml version="1.0" encoding="UTF-8"?>
<!-- Generated by org.testng.reporters.JUnitReportReporter -->
<testsuite hostname="KLI6040" failures="1" tests="3" name="ecomm_Shopping.Dropdown_AutoComplete_Suggestion" time="35.864" errors="0" timestamp="2026-06-10T17:16:47 IST" skipped="0">
  <testcase classname="ecomm_Shopping.Dropdown_AutoComplete_Suggestion" name="SelectedValueinDropDown" time="8.171"/>
  <testcase classname="ecomm_Shopping.Dropdown_AutoComplete_Suggestion" name="AutoComplete_Suggestion_Box_NeverAppear" time="17.804">
    <failure message="Suggestions never appeared for input &#039;indsss&#039;. Possible network issue or no matching results." type="java.lang.AssertionError">
      <![CDATA[java.lang.AssertionError: Suggestions never appeared for input 'indsss'. Possible network issue or no matching results.
at org.testng.Assert.fail(Assert.java:111)
at ecomm_Shopping.Dropdown_AutoComplete_Suggestion.autoCompleteSuggestion(Dropdown_AutoComplete_Suggestion.java:90)
at ecomm_Shopping.Dropdown_AutoComplete_Suggestion.AutoComplete_Suggestion_Box_NeverAppear(Dropdown_AutoComplete_Suggestion.java:102)
at java.base/jdk.internal.reflect.DirectMethodHandleAccessor.invoke(DirectMethodHandleAccessor.java:103)
at java.base/java.lang.reflect.Method.invoke(Method.java:580)
at org.testng.internal.invokers.MethodInvocationHelper.invokeMethod(MethodInvocationHelper.java:141)
at org.testng.internal.invokers.TestInvoker.invokeMethod(TestInvoker.java:687)
at org.testng.internal.invokers.TestInvoker.invokeTestMethod(TestInvoker.java:230)
at org.testng.internal.invokers.MethodRunner.runInSequence(MethodRunner.java:63)
at org.testng.internal.invokers.TestInvoker$MethodInvocationAgent.invoke(TestInvoker.java:995)
at org.testng.internal.invokers.TestInvoker.invokeTestMethods(TestInvoker.java:203)
at org.testng.internal.invokers.TestMethodWorker.invokeTestMethods(TestMethodWorker.java:154)
at org.testng.internal.invokers.TestMethodWorker.run(TestMethodWorker.java:134)
at java.base/java.util.ArrayList.forEach(ArrayList.java:1596)
at org.testng.TestRunner.privateRun(TestRunner.java:741)
at org.testng.TestRunner.run(TestRunner.java:616)
at org.testng.SuiteRunner.runTest(SuiteRunner.java:421)
at org.testng.SuiteRunner.runSequentially(SuiteRunner.java:413)
at org.testng.SuiteRunner.privateRun(SuiteRunner.java:373)
at org.testng.SuiteRunner.run(SuiteRunner.java:312)
at org.testng.SuiteRunnerWorker.runSuite(SuiteRunnerWorker.java:52)
at org.testng.SuiteRunnerWorker.run(SuiteRunnerWorker.java:95)
at org.testng.TestNG.runSuitesSequentially(TestNG.java:1274)
at org.testng.TestNG.runSuitesLocally(TestNG.java:1208)
at org.testng.TestNG.runSuites(TestNG.java:1112)
at org.testng.TestNG.run(TestNG.java:1079)
at org.testng.remote.AbstractRemoteTestNG.run(AbstractRemoteTestNG.java:115)
at org.testng.remote.RemoteTestNG.initAndRun(RemoteTestNG.java:293)
at org.testng.remote.RemoteTestNG.main(RemoteTestNG.java:91)
]]>
    </failure>
  </testcase> <!-- AutoComplete_Suggestion_Box_NeverAppear -->
  <testcase classname="ecomm_Shopping.Dropdown_AutoComplete_Suggestion" name="testAutoComplete_validCountry" time="9.889"/>
</testsuite> <!-- ecomm_Shopping.Dropdown_AutoComplete_Suggestion -->
